[CommunicationLog]
S [0095D8F6] : (35)
S [0095B32E] : (410EFE8000080)
S [0095A9C8] : (410EFF0000080)
S [0095A709] : (410EFF8000080)
S [0095A4D6] : (410F000000080)
S [0095A1E8] : (410F008000080)
R [008E89CE] : 0
S [008E8980] : (330F0364)
R [008E855A] : 0000000000000000000000000000000000000000000000000000000000000138400010F03640000000000
S [008E852B] : (40)
R [008E852B] : 0
S [008E84CD] : (21)
R [008E84CD] : 0
S [008E7A6D] : 0B
R [008E7A6D] : 0
S [008E7646] : (0B)
R [008E7608] : 0
S [008E73F4] : (07)
R [008A081E] : 0
S [008A080F] : (410F028000080)
R [008A0792] : 0709C0F000001000003F1000007510000000000000000000000000000074D0A5D00810F02BD04000FF800
S [008A0782] : (40)
R [008A0782] : 01
S [008A0782] : (34)
R [008A0782] : 010F02BD
S [008A0773] : (35)
R [008A0773] : 0709C0F000001000003F1000007510000000000000000000000000000074D0A5D00810F02BD04000FF800
S [008A0763] : (40)
R [008A0763] : 01
S [008A0744] : (34)
R [008A0744] : 010F02BD
S [008A0734] : (35)
R [0089DC5B] : 0
S [0089DC0D] : (330F0364)
R [0089D97D] : 0000000000000000000000000000000000000000000000000000000000000138400010F03640000000000
S [0089D94E] : (40)
R [0089D93E] : 0
S [0089D8E1] : (21)
R [0089D8E1] : 0
S [0089CE80] : 0B
R [0089CE80] : 0
S [0089CA5A] : (0B)
R [0089CA1B] : 0
S [0089C808] : (07)
R [0089AD8B] : 086500F000001000003F1000007510000000000000000000000000000074D0A5D00810F02B704000FF800
S [0089AD7B] : (40)
R [0089AD6C] : 01
S [0089AD6C] : (34)
R [0089AD6C] : 010F02B7
S [0089AD6C] : (35)
R [0089AD6C] : 086500F000001000003F1000007510000000000000000000000000000074D0A5D00810F02B704000FF800
S [0089AD4C] : (40)
R [0089AD4C] : 01
S [0089AD3D] : (34)
R [0089AD3D] : 010F02B7
S [0089AD2D] : (35)
R [0088F392] : 0
S [0088F343] : (330F0360)
R [0088F101] : 0
S [0088F0B3] : (410F028000080)
R [0088F0B3] : 0000000000000000000000000000000000000000000000000000000000000138400010F03600000000000
S [0088F084] : (40)
R [0088F084] : 0
S [0088F027] : (21)
R [0088F027] : 0
S [0088E5C6] : 0B
R [0088E5C6] : 0
S [0088E1A0] : (0B)
R [0088E161] : 0
S [0088DF4E] : (07)
R [0088D2DB] : 08F670F000003000003F1000007510000000000000000000000000000074D0A5D00810F02B704000FF800
S [0088D2BB] : (40)
R [0088D2BB] : 01
S [0088D2BB] : (34)
R [0088D2BB] : 010F02B7
S [0088D2BB] : (35)
R [0088D2BB] : 08F670F000003000003F1000007510000000000000000000000000000074D0A5D00810F02B704000FF800
S [0088D29C] : (40)
R [0088D29C] : 01
S [0088D28C] : (34)
R [0088D28C] : 010F02B7
S [0088D27D] : (35)
R [0088B010] : 0
S [0088AFC2] : (330F0360)
R [0088A850] : 0
S [0088A811] : (410F028000080)
R [0088A811] : 0000000000000000000000000000000000000000000000000000000000000138400010F03600000000000
S [0088A7E3] : (40)
R [0088A7D3] : 0
S [0088A775] : (21)
R [0088A775] : 0
S [00889D15] : 0B
R [00889D15] : 0
S [008898EE] : (0B)
R [008898B0] : 0
S [0088969D] : (07)
R [00888B62] : 0
S [00888B42] : (410F028000080)
R [008884AB] : 02CFB0F00001B000003F1000007510000000000000000000000000000074D0A5D00810F02B704000FF800
S [0088849B] : (40)
R [0088849B] : 01
S [0088849B] : (34)
R [0088849B] : 010F02B7
S [0088848C] : (35)
R [0088848C] : 02CFB0F00001B000003F1000007510000000000000000000000000000074D0A5D00810F02B704000FF800
S [0088847C] : (40)
R [0088847C] : 01
S [0088845D] : (34)
R [0088845D] : 010F02B7
S [0088845D] : (35)
R [00884BC8] : 0
S [00884B6B] : (330F0360)
R [008849A6] : 0000000000000000000000000000000000000000000000000000000000000138400010F03600000000000
S [00884977] : (40)
R [00884967] : 0
S [00884909] : (21)
R [00884909] : 0
S [00883EA9] : 0B
R [00883EA9] : 0
S [00883A83] : (0B)
R [00883A44] : 0
S [00883831] : (07)
R [00880D68] : 0C52F0F00001F000003F1000007510000000000000000000000000000074D0A5D00890F02B204000FF800
S [00880D48] : (40)
R [00880D48] : 01
S [00880D48] : (34)
R [00880D48] : 010F02B2
S [00880D39] : (35)
R [00880D39] : 0C52F0F00001F000003F1000007510000000000000000000000000000074D0A5D00890F02B204000FF800
S [00880D29] : (40)
R [00880D29] : 01
S [00880D1A] : (34)
R [00880D1A] : 010F02B2
S [00880D0A] : (35)
R [008699B3] : 0
S [00869965] : (330F0360)
R [00869668] : 0
S [0086961A] : (410F028000080)
R [0086960A] : 0000000000000000000000000000000000000000000000000000000000000138400010F03600000000000
S [008695DB] : (40)
R [008695CB] : 0
S [0086956E] : (21)
R [0086956E] : 0
S [00868B0D] : 0B
R [00868B0D] : 0
S [008686E7] : (0B)
R [008686A8] : 0
S [00868486] : (07)
R [008678CE] : 0
S [008678AE] : (410F028000080)
R [0086696C] : 0
S [0086694D] : (410F028000080)
R [008662B5] : 008900F000001000003F1000407510000000000000000000000000000074D0A5D00810F02B204000FF800
S [00866296] : (40)
R [00866296] : 01
S [00866296] : (34)
R [00866296] : 010F02B2
S [00866296] : (35)
R [00866296] : 008900F000001000003F1000407510000000000000000000000000000074D0A5D00810F02B204000FF800
S [00866277] : (40)
R [00866277] : 01
S [00866267] : (34)
R [00866267] : 010F02B2
S [00866258] : (35)
R [00862D2E] : 0
S [00862CE0] : (330F0360)
R [008623C8] : 0000000000000000000000000000000000000000000000000000000000000138400010F03600000000000
S [008623A9] : (40)
R [00862399] : 0
S [0086233B] : (21)
R [0086233B] : 0
S [008618DB] : 0B
R [008618DB] : 0
S [008614B5] : (0B)
R [00861476] : 0
S [00861253] : (07)
R [0084D54F] : 0A0B70F000001000003F100E007510000000000000000000000000000074D0A5D00890F02C404000FF800
S [0084D530] : (40)
R [0084D530] : 01
S [0084D530] : (34)
R [0084D530] : 010F02C4
S [0084D520] : (35)
R [0084D520] : 0A0B70F000001000003F100E007510000000000000000000000000000074D0A5D00890F02C404000FF800
S [0084D510] : (40)
R [0084D510] : 01
S [0084D4F1] : (34)
R [0084D4F1] : 010F02C4
S [0084D4F1] : (35)
R [0084C63C] : 0
S [0084C5DE] : (330F0372)
R [0084C2B1] : 0
S [0084C263] : (410F030000080)
R [0084C263] : 0
S [0084C215] : (410F028000080)
R [0084C215] : 0000000000000000000000000000000000000000000000000000000000000138400010F03720000000000
S [0084C1E6] : (40)
R [0084C1E6] : 0
S [0084C179] : (21)
R [0084C179] : 0
S [0084B719] : 0B
R [0084B719] : 0
S [0084B2F2] : (0B)
R [0084B2B4] : 0
S [0084B0A0] : (07)
R [00849FE7] : 064410F000001000003F1000007510000000000000000000000000000074D0A5D00810F02C504000FF800
S [00849FD7] : (40)
R [00849FD7] : 01
S [00849FD7] : (34)
R [00849FD7] : 010F02C5
S [00849FC8] : (35)
R [00849FC8] : 064410F000001000003F1000007510000000000000000000000000000074D0A5D00810F02C504000FF800
S [00849FB8] : (40)
R [00849FB8] : 01
S [00849F99] : (34)
R [00849F99] : 010F02C5
S [00849F99] : (35)
R [008422A9] : 0
S [0084224B] : (330F036E)
R [00841441] : 0
S [008413F3] : (410F028000080)
R [008413F3] : 0000000000000000000000000000000000000000000000000000000000000138400010F036E0000000000
S [008413C4] : (40)
R [008413C4] : 0
S [00841357] : (21)
R [00841357] : 0
S [008408F6] : 0B
R [008408F6] : 0
S [008404D0] : (0B)
R [00840491] : 0
S [0084026F] : (07)
R [0083DD53] : 0E0130F000009000003F1000007510000000000000000000000000000074D0A5D00810F02C504000FF800
S [0083DD43] : (40)
R [0083DD43] : 01
S [0083DD33] : (34)
R [0083DD33] : 010F02C5
S [0083DD33] : (35)
R [0083DD33] : 0E0130F000009000003F1000007510000000000000000000000000000074D0A5D00810F02C504000FF800
S [0083DD14] : (40)
R [0083DD14] : 01
S [0083DD04] : (34)
R [0083DD04] : 010F02C5
S [0083DCF5] : (35)
R [008371E7] : 0
S [00837198] : (330F036E)
R [00836890] : 0
S [00836842] : (410F028000080)
R [00836842] : 0000000000000000000000000000000000000000000000000000000000000138400010F036E0000000000
S [00836813] : (40)
R [00836813] : 0
S [008367B5] : (21)
R [008367B5] : 0
S [00835D45] : 0B
R [00835D45] : 0
S [0083591F] : (0B)
R [008358E0] : 0
S [008356CD] : (07)
R [00834316] : 094910F000082000003F1000007510000000000000000000000000000074D0A5D00810F02A904000FF800
S [008342F7] : (40)
R [008342F7] : 01
S [008342F7] : (34)
R [008342F7] : 010F02A9
S [008342E7] : (35)
R [008342E7] : 094910F000082000003F1000007510000000000000000000000000000074D0A5D00810F02A904000FF800
S [008342D8] : (40)
R [008342D8] : 01
S [008342B8] : (34)
R [008342B8] : 010F02A9
S [008342B8] : (35)
R [0082FDD0] : 0
S [0082FDC0] : (410F008000080)
R [0082FDC0] : 0
S [0082FDA1] : (410F000000080)
R [0082E0A3] : 0
S [0082E045] : (330F0352)
R [0082DE51] : 0
S [0082DE03] : (410F028000080)
R [0082DE03] : 0000000000000000000000000000000000000000000000000000000000000138400010F03520000000000
S [0082DDD4] : (40)
R [0082DDC5] : 0
S [0082DD67] : (21)
R [0082DD67] : 0
S [0082D307] : 0B
R [0082D307] : 0
S [0082CEE0] : (0B)
R [0082CEA2] : 0
S [0082CC7F] : (07)
R [0082BE94] : 0
S [0082BE85] : (410F028000080)
R [0082B7BE] : 03C360F00000D000003F1000007510000000000000000000000000000074D0A5D00810F02A904000FF800
S [0082B7AF] : (40)
R [0082B7AF] : 01
S [0082B7AF] : (34)
R [0082B7AF] : 010F02A9
S [0082B79F] : (35)
R [0082B79F] : 03C360F00000D000003F1000007510000000000000000000000000000074D0A5D00810F02A904000FF800
S [0082B78F] : (40)
R [0082B78F] : 01
S [0082B770] : (34)
R [0082B770] : 010F02A9
S [0082B770] : (35)
